<?xml version="1.0" encoding="UTF-8"?>
<!-- Generated by org.testng.reporters.JUnitReportReporter -->
<testsuite hostname="DESKTOP-MOK7TM7" failures="0" tests="1" name="junitpkg.Dropdown" time="0.294" errors="0" timestamp="2024-10-01T17:09:44 IST" skipped="0">
  <testcase classname="junitpkg.Dropdown" name="test" time="0.294"/>
  <system-out>
    <![CDATA[verified]]>
  </system-out>
</testsuite> <!-- junitpkg.Dropdown -->
