<?xml version="1.0" encoding="UTF-8"?>
<!-- Generated by org.testng.reporters.JUnitReportReporter -->
<testsuite hostname="DESKTOP-MOK7TM7" failures="0" tests="1" name="testng.Fileuploadrobot" time="3.684" errors="0" timestamp="2024-09-18T12:05:04 IST" skipped="0">
  <testcase classname="testng.Fileuploadrobot" name="test1" time="3.684"/>
  <system-out/>
</testsuite> <!-- testng.Fileuploadrobot -->
