<?xml version="1.0" encoding="UTF-8"?>
<!-- Generated by org.testng.reporters.JUnitReportReporter -->
<testsuite hostname="DESKTOP-MOK7TM7" failures="0" tests="1" name="testng.Datadriventest" time="26.241" errors="0" timestamp="2024-09-11T09:26:05 IST" skipped="0">
  <testcase classname="testng.Datadriventest" name="datadriven" time="26.241"/>
  <system-out/>
</testsuite> <!-- testng.Datadriventest -->
