<?xml version="1.0" encoding="UTF-8"?>
<!-- Generated by org.testng.reporters.JUnitReportReporter -->
<testsuite hostname="DESKTOP-MOK7TM7" failures="0" tests="1" name="testng.Ebay" time="3.376" errors="0" timestamp="2024-09-09T15:54:56 IST" skipped="0">
  <testcase classname="testng.Ebay" name="copypaste" time="3.376"/>
  <system-out/>
</testsuite> <!-- testng.Ebay -->
