<?xml version="1.0" encoding="UTF-8"?>
<!-- Generated by org.testng.reporters.JUnitReportReporter -->
<testsuite hostname="DESKTOP-MOK7TM7" failures="0" tests="2" name="testng.Testngdemo" time="0.009" errors="0" timestamp="2024-09-04T16:51:06 IST" skipped="0">
  <testcase classname="testng.Testngdemo" name="test1" time="0.008"/>
  <system-out/>
  <testcase classname="testng.Testngdemo" name="test2" time="0.001"/>
  <system-out/>
</testsuite> <!-- testng.Testngdemo -->
