<?xml version="1.0" encoding="UTF-8"?>
<!-- Generated by org.testng.reporters.JUnitReportReporter -->
<testsuite hostname="DESKTOP-MOK7TM7" failures="0" tests="3" name="testng.Crossbrowsertesting" time="9.021" errors="0" timestamp="2024-09-09T16:45:42 IST" skipped="0">
  <testcase classname="testng.Crossbrowsertesting" name="test" time="2.704"/>
  <system-out/>
  <testcase classname="testng.Crossbrowsertesting" name="test" time="2.788"/>
  <system-out/>
  <testcase classname="testng.Crossbrowsertesting" name="test" time="3.529"/>
  <system-out/>
</testsuite> <!-- testng.Crossbrowsertesting -->
