<?xml version="1.0" encoding="UTF-8"?>
<!-- Generated by org.testng.reporters.JUnitReportReporter -->
<testsuite hostname="DESKTOP-MOK7TM7" failures="0" tests="1" name="testng.Datepicker" time="0.945" errors="0" timestamp="2024-09-19T16:03:44 IST" skipped="0">
  <testcase classname="testng.Datepicker" name="datepicker" time="0.945"/>
  <system-out/>
</testsuite> <!-- testng.Datepicker -->
